app/build/intermediates/manifest_merge_blame_file/devDebug/manifest-merger-blame-dev-debug-report.txt
1<?xml version="1.0" encoding="utf-8"?>
2<manifest xmlns:android="http://schemas.android.com/apk/res/android"
3    package="com.nitv.newsapp.dev.debug"
4    android:versionCode="1"
5    android:versionName="1.0" >
6
7    <uses-sdk
8        android:minSdkVersion="21"
8-->src\main\AndroidManifest.xml
9        android:targetSdkVersion="31" />
9-->src\main\AndroidManifest.xml
10
11    <uses-permission android:name="android.permission.ACCESS_NETWORK_STATE" />
11-->src\main\AndroidManifest.xml:5:5-79
11-->src\main\AndroidManifest.xml:5:22-76
12    <uses-permission android:name="android.permission.INTERNET" />
12-->src\main\AndroidManifest.xml:6:5-67
12-->src\main\AndroidManifest.xml:6:22-64
13
14    <application
14-->src\main\AndroidManifest.xml:8:5-27:19
15        android:name="com.nitv.newsapp.MyApplication"
15-->src\main\AndroidManifest.xml:9:9-38
16        android:allowBackup="true"
16-->src\main\AndroidManifest.xml:10:9-35
17        android:appComponentFactory="androidx.core.app.CoreComponentFactory"
17-->[androidx.core:core:1.5.0-rc01] AndroidManifest.xml:24:18-86
18        android:debuggable="true"
19        android:icon="@mipmap/app_icon"
19-->src\main\AndroidManifest.xml:11:9-40
20        android:label="@string/app_name"
20-->src\main\AndroidManifest.xml:12:9-41
21        android:networkSecurityConfig="@xml/network_security_config"
21-->src\main\AndroidManifest.xml:13:9-69
22        android:roundIcon="@mipmap/app_icon"
22-->src\main\AndroidManifest.xml:14:9-45
23        android:supportsRtl="true"
23-->src\main\AndroidManifest.xml:15:9-35
24        android:testOnly="true"
25        android:theme="@style/Theme.NewsApp" >
25-->src\main\AndroidManifest.xml:16:9-45
26        <activity
26-->src\main\AndroidManifest.xml:17:9-26:20
27            android:name="com.nitv.newsapp.ui.main.MainActivity"
27-->src\main\AndroidManifest.xml:18:13-65
28            android:configChanges="orientation|screenSize|screenLayout|keyboardHidden"
28-->src\main\AndroidManifest.xml:19:13-87
29            android:exported="true" >
29-->src\main\AndroidManifest.xml:20:13-36
30            <intent-filter>
30-->src\main\AndroidManifest.xml:21:13-25:29
31                <action android:name="android.intent.action.MAIN" />
31-->src\main\AndroidManifest.xml:22:17-69
31-->src\main\AndroidManifest.xml:22:25-66
32
33                <category android:name="android.intent.category.LAUNCHER" />
33-->src\main\AndroidManifest.xml:24:17-77
33-->src\main\AndroidManifest.xml:24:27-74
34            </intent-filter>
35        </activity>
36
37        <service
37-->[androidx.room:room-runtime:2.4.0] AndroidManifest.xml:25:9-28:40
38            android:name="androidx.room.MultiInstanceInvalidationService"
38-->[androidx.room:room-runtime:2.4.0] AndroidManifest.xml:26:13-74
39            android:directBootAware="true"
39-->[androidx.room:room-runtime:2.4.0] AndroidManifest.xml:27:13-43
40            android:exported="false" />
40-->[androidx.room:room-runtime:2.4.0] AndroidManifest.xml:28:13-37
41
42        <provider
42-->[com.squareup.picasso:picasso:2.71828] AndroidManifest.xml:8:9-11:40
43            android:name="com.squareup.picasso.PicassoProvider"
43-->[com.squareup.picasso:picasso:2.71828] AndroidManifest.xml:9:13-64
44            android:authorities="com.nitv.newsapp.dev.debug.com.squareup.picasso"
44-->[com.squareup.picasso:picasso:2.71828] AndroidManifest.xml:10:13-72
45            android:exported="false" />
45-->[com.squareup.picasso:picasso:2.71828] AndroidManifest.xml:11:13-37
46        <provider
46-->[androidx.lifecycle:lifecycle-process:2.2.0] AndroidManifest.xml:25:9-29:43
47            android:name="androidx.lifecycle.ProcessLifecycleOwnerInitializer"
47-->[androidx.lifecycle:lifecycle-process:2.2.0] AndroidManifest.xml:26:13-79
48            android:authorities="com.nitv.newsapp.dev.debug.lifecycle-process"
48-->[androidx.lifecycle:lifecycle-process:2.2.0] AndroidManifest.xml:27:13-69
49            android:exported="false"
49-->[androidx.lifecycle:lifecycle-process:2.2.0] AndroidManifest.xml:28:13-37
50            android:multiprocess="true" />
50-->[androidx.lifecycle:lifecycle-process:2.2.0] AndroidManifest.xml:29:13-40
51    </application>
52
53</manifest>